	Exporter version: 4.6.1, Blender version: 2.77 (sub 0)
========= Conversion from Blender to Babylon.js =========
	Scene settings used:
		selected layers only:  false
		flat shading entire scene:  false
		inline textures:  false
		texture directory:  D:\Projects\lotg-game\src\public\assets\
	Python World class constructor completed
	processing begun of mesh:  Cone
		WARNING: No materials have been assigned: 
		num positions      :  9
		num normals        :  9
		num uvs            :  0
		num uvs2           :  0
		num colors         :  0
		num indices        :  42
	processing begun of camera (FreeCamera):  Camera
	processing begun of light (POINT):  Lamp
========= Writing of scene file started =========
========= Writing of scene file completed =========
========= end of processing =========
elapsed time:  0 min, 0.01 secs
