Exporter version: 5.0.5, Blender version: 2.76 (sub 0)
========= Conversion from Blender to Babylon.js =========
	Scene settings used:
		selected layers only:  false
		flat shading entire scene:  false
		inline textures:  false
		texture directory:  D:\Projects\lotg-game\src\public\assets\
	Python World class constructor completed
	processing begun of camera (FreeCamera):  Camera
	processing begun of mesh:  Circle
		processing begun of Standard material:  Material.001
			Diffuse texture found "Texture.001"
				Image texture found, type:  diffuseTexture, mapped using: "UVMap"
		num positions      :  50
		num normals        :  50
		num uvs            :  100
		num uvs2           :  0
		num colors         :  0
		num indices        :  72
	processing begun of light (HEMI):  Hemi
========= Writing of scene file started =========
========= Writing of scene file completed =========
========= end of processing =========
elapsed time:  0 min, 0.0095 secs
